<?xml version="1.0" encoding="UTF-8"?>
<!-- Generated by org.testng.reporters.JUnitReportReporter -->
<testsuite hostname="DESKTOP-0E95FKB" failures="0" tests="3" name="test.Sample2" time="3.088" errors="0" timestamp="2024-10-19T12:17:35 IST" skipped="0">
  <testcase classname="test.Sample2" name="dynamicJson" time="2.788"/>
  <testcase classname="test.Sample2" name="dynamicJson" time="0.162"/>
  <testcase classname="test.Sample2" name="dynamicJson" time="0.138"/>
</testsuite> <!-- test.Sample2 -->
